CRBB/proguard/seeds.txt
comruanan.dianyinxiazai.BaseActivity: BaseActivity()
comruanan.dianyinxiazai.HomeActivity
comruanan.dianyinxiazai.HomeActivity: HomeActivity()
comruanan.dianyinxiazai.MyApp
comruanan.dianyinxiazai.MyApp: MyApp()
comruanan.dianyinxiazai.MyVideoView
comruanan.dianyinxiazai.MyVideoView: MyVideoView(android.content.Context)
comruanan.dianyinxiazai.MyVideoView: MyVideoView(android.content.Context,android.util.AttributeSet)
comruanan.dianyinxiazai.MyVideoView: MyVideoView(android.content.Context,android.util.AttributeSet,int)
comruanan.dianyinxiazai.MyVideoView: void setOnPreparedListener(android.media.MediaPlayer$OnPreparedListener)
comruanan.dianyinxiazai.PlayVideoActivity
comruanan.dianyinxiazai.PlayVideoActivity: PlayVideoActivity()
comruanan.dianyinxiazai.R$anim: int abc_fade_in
comruanan.dianyinxiazai.R$anim: int abc_fade_out
comruanan.dianyinxiazai.R$anim: int abc_slide_in_bottom
comruanan.dianyinxiazai.R$anim: int abc_slide_in_top
comruanan.dianyinxiazai.R$anim: int abc_slide_out_bottom
comruanan.dianyinxiazai.R$anim: int abc_slide_out_top
comruanan.dianyinxiazai.R$anim: int slide_in_from_bottom
comruanan.dianyinxiazai.R$anim: int slide_in_from_top
comruanan.dianyinxiazai.R$anim: int slide_out_to_bottom
comruanan.dianyinxiazai.R$anim: int slide_out_to_top
comruanan.dianyinxiazai.R$array: int anhui_province_item
comruanan.dianyinxiazai.R$array: int aomen_province_item
comruanan.dianyinxiazai.R$array: int beijin_province_item
comruanan.dianyinxiazai.R$array: int chongqing_province_item
comruanan.dianyinxiazai.R$array: int fujian_province_item
comruanan.dianyinxiazai.R$array: int gansu_province_item
comruanan.dianyinxiazai.R$array: int guangdong_province_item
comruanan.dianyinxiazai.R$array: int guangxi_province_item
comruanan.dianyinxiazai.R$array: int guizhou_province_item
comruanan.dianyinxiazai.R$array: int hainan_province_item
comruanan.dianyinxiazai.R$array: int heibei_province_item
comruanan.dianyinxiazai.R$array: int heilongjiang_province_item
comruanan.dianyinxiazai.R$array: int henan_province_item
comruanan.dianyinxiazai.R$array: int hongkong_province_item
comruanan.dianyinxiazai.R$array: int hubei_province_item
comruanan.dianyinxiazai.R$array: int hunan_province_item
comruanan.dianyinxiazai.R$array: int jiangsu_province_item
comruanan.dianyinxiazai.R$array: int jiangxi_province_item
comruanan.dianyinxiazai.R$array: int jilin_province_item
comruanan.dianyinxiazai.R$array: int liaoning_province_item
comruanan.dianyinxiazai.R$array: int linxia_province_item
comruanan.dianyinxiazai.R$array: int neimenggu_province_item
comruanan.dianyinxiazai.R$array: int payeco_month
comruanan.dianyinxiazai.R$array: int province_item
comruanan.dianyinxiazai.R$array: int qinghai_province_item
...
com.handmark.pulltorefresh.library.internal.LoadingLayout: void setHeight(int)
com.handmark.pulltorefresh.library.internal.LoadingLayout: void setWidth(int)
com.handmark.pulltorefresh.library.internal.LoadingLayout: int getContentSize()
com.handmark.pulltorefresh.library.internal.LoadingLayout: void setLastUpdatedLabel(java.lang.CharSequence)
com.handmark.pulltorefresh.library.internal.LoadingLayout: void setLoadingDrawable(android.graphics.drawable.Drawable)
com.handmark.pulltorefresh.library.internal.LoadingLayout: void setPullLabel(java.lang.CharSequence)
com.handmark.pulltorefresh.library.internal.LoadingLayout: void setRefreshingLabel(java.lang.CharSequence)
com.handmark.pulltorefresh.library.internal.LoadingLayout: void setReleaseLabel(java.lang.CharSequence)
com.handmark.pulltorefresh.library.internal.LoadingLayout: void setTextTypeface(android.graphics.Typeface)
com.handmark.pulltorefresh.library.internal.LoadingLayout: int getDefaultDrawableResId()
com.handmark.pulltorefresh.library.internal.LoadingLayout: void setSubHeaderText(java.lang.CharSequence)
com.handmark.pulltorefresh.library.internal.LoadingLayout: void setSubTextAppearance(int)
com.handmark.pulltorefresh.library.internal.LoadingLayout: void setSubTextColor(android.content.res.ColorStateList)
com.handmark.pulltorefresh.library.internal.LoadingLayout: void setTextAppearance(int)
com.handmark.pulltorefresh.library.internal.LoadingLayout: void setTextColor(android.content.res.ColorStateList)
com.handmark.pulltorefresh.library.internal.RotateLoadingLayout: int getDefaultDrawableResId()
com.lidroid.xutils.bitmap.callback.BitmapLoadFrom: com.lidroid.xutils.bitmap.callback.BitmapLoadFrom[] values()
com.lidroid.xutils.bitmap.callback.BitmapLoadFrom: com.lidroid.xutils.bitmap.callback.BitmapLoadFrom valueOf(java.lang.String)
com.lidroid.xutils.db.sqlite.ColumnDbType: com.lidroid.xutils.db.sqlite.ColumnDbType[] values()
com.lidroid.xutils.db.sqlite.ColumnDbType: com.lidroid.xutils.db.sqlite.ColumnDbType valueOf(java.lang.String)
com.lidroid.xutils.http.HttpHandler$State: com.lidroid.xutils.http.HttpHandler$State[] values()
com.lidroid.xutils.http.HttpHandler$State: com.lidroid.xutils.http.HttpHandler$State valueOf(java.lang.String)
com.lidroid.xutils.http.client.HttpRequest$HttpMethod: com.lidroid.xutils.http.client.HttpRequest$HttpMethod[] values()
com.lidroid.xutils.http.client.HttpRequest$HttpMethod: com.lidroid.xutils.http.client.HttpRequest$HttpMethod valueOf(java.lang.String)
com.lidroid.xutils.http.client.multipart.HttpMultipartMode: com.lidroid.xutils.http.client.multipart.HttpMultipartMode[] values()
com.lidroid.xutils.http.client.multipart.HttpMultipartMode: com.lidroid.xutils.http.client.multipart.HttpMultipartMode valueOf(java.lang.String)
com.lidroid.xutils.task.Priority: com.lidroid.xutils.task.Priority[] values()
com.lidroid.xutils.task.Priority: com.lidroid.xutils.task.Priority valueOf(java.lang.String)
com.lidroid.xutils.view.ResType: com.lidroid.xutils.view.ResType[] values()
com.lidroid.xutils.view.ResType: com.lidroid.xutils.view.ResType valueOf(java.lang.String)