CRBB/proguard/mapping.txt
comruanan.dianyinxiazai.AppUtils -> comruanan.dianyinxiazai.a:
    java.lang.String getVersionName(android.content.Context) -> a
comruanan.dianyinxiazai.AssetsUtils -> comruanan.dianyinxiazai.b:
    void copyDB(android.content.Context,java.lang.String) -> a
comruanan.dianyinxiazai.BaseActivity -> comruanan.dianyinxiazai.c:
    android.content.Context mContext -> a
    android.view.LayoutInflater mLayoutInflater -> b
    void onCreate(android.os.Bundle) -> onCreate
    void initData() -> a
    void initView() -> b
comruanan.dianyinxiazai.Constants -> comruanan.dianyinxiazai.d:
    java.lang.String PID -> a
    java.lang.String getRealApi(java.lang.String,android.content.Context) -> a
    java.lang.String getParm(android.content.Context) -> a
    java.lang.String changeSpecString(java.lang.String) -> a
comruanan.dianyinxiazai.HomeActivity -> comruanan.dianyinxiazai.HomeActivity:
    java.util.List data -> j
    android.widget.BaseAdapter adapter -> k
    java.lang.String orderId -> c
    java.lang.String userId -> d
    java.lang.String goodsName -> e
    float price -> f
    java.lang.String time -> g
    java.lang.String goodsDesc -> h
    java.lang.String notifyUrl -> i
    long exitTime -> l
    com.lidroid.xutils.BitmapUtils bitmapUtils -> m
    com.lidroid.xutils.HttpUtils httpUtils -> n
    android.widget.LinearLayout progressbar -> o
    com.handmark.pulltorefresh.library.PullToRefreshListView listView -> p
    java.util.Random random -> q
    void initView() -> b
    void getData() -> c
    void loadJson(com.lidroid.xutils.HttpUtils) -> a
    void parseJson(java.lang.String) -> a
    void addData(org.json.JSONArray,int) -> a
    boolean onKeyDown(int,android.view.KeyEvent) -> onKeyDown
    com.lidroid.xutils.HttpUtils access$0(comruanan.dianyinxiazai.HomeActivity) -> a
    void access$1(comruanan.dianyinxiazai.HomeActivity,com.lidroid.xutils.HttpUtils) -> a
    android.widget.BaseAdapter access$2(comruanan.dianyinxiazai.HomeActivity) -> b
    com.handmark.pulltorefresh.library.PullToRefreshListView access$3(comruanan.dianyinxiazai.HomeActivity) -> c
    java.util.List access$4(comruanan.dianyinxiazai.HomeActivity) -> d
    java.util.Random access$5(comruanan.dianyinxiazai.HomeActivity) -> e
comruanan.dianyinxiazai.HomeActivity$1 -> comruanan.dianyinxiazai.e:
    comruanan.dianyinxiazai.HomeActivity this$0 -> a
    void onRefresh(com.handmark.pulltorefresh.library.PullToRefreshBase) -> a
comruanan.dianyinxiazai.HomeActivity$2 -> comruanan.dianyinxiazai.f:
    comruanan.dianyinxiazai.HomeActivity this$0 -> a
    void onLastItemVisible() -> a
comruanan.dianyinxiazai.HomeActivity$3 -> comruanan.dianyinxiazai.g:
    comruanan.dianyinxiazai.HomeActivity this$0 -> a
    android.view.View getView(int,android.view.View,android.view.ViewGroup) -> getView
    long getItemId(int) -> getItemId
    java.lang.Object getItem(int) -> getItem
    int getCount() -> getCount
    comruanan.dianyinxiazai.HomeActivity access$0(comruanan.dianyinxiazai.HomeActivity$3) -> a
comruanan.dianyinxiazai.HomeActivity$3$1 -> comruanan.dianyinxiazai.h:
    comruanan.dianyinxiazai.HomeActivity$3 this$1 -> a
    comruanan.dianyinxiazai.MovieInfo val$movieInfo -> b
    void onClick(android.view.View) -> onClick
    comruanan.dianyinxiazai.HomeActivity$3 access$0(comruanan.dianyinxiazai.HomeActivity$3$1) -> a
comruanan.dianyinxiazai.HomeActivity$3$1$1 -> comruanan.dianyinxiazai.i:
    comruanan.dianyinxiazai.HomeActivity$3$1 this$2 -> a
    void onSuccess(com.lidroid.xutils.http.ResponseInfo) -> a
    void onFailure(com.lidroid.xutils.exception.HttpException,java.lang.String) -> a
comruanan.dianyinxiazai.HomeActivity$4 -> comruanan.dianyinxiazai.j:
    comruanan.dianyinxiazai.HomeActivity this$0 -> a
    void onSuccess(com.lidroid.xutils.http.ResponseInfo) -> a
    void onFailure(com.lidroid.xutils.exception.HttpException,java.lang.String) -> a
...
com.lidroid.xutils.task.Priority -> com.a.a.e.b:
    com.lidroid.xutils.task.Priority UI_TOP -> a
    com.lidroid.xutils.task.Priority UI_NORMAL -> b
    com.lidroid.xutils.task.Priority UI_LOW -> c
    com.lidroid.xutils.task.Priority DEFAULT -> d
    com.lidroid.xutils.task.Priority BG_TOP -> e
    com.lidroid.xutils.task.Priority BG_NORMAL -> f
    com.lidroid.xutils.task.Priority BG_LOW -> g
    com.lidroid.xutils.task.Priority[] ENUM$VALUES -> h
    com.lidroid.xutils.task.Priority[] values() -> values
    com.lidroid.xutils.task.Priority valueOf(java.lang.String) -> valueOf
com.lidroid.xutils.task.PriorityAsyncTask -> com.a.a.e.c:
    com.lidroid.xutils.task.PriorityAsyncTask$InternalHandler sHandler -> a
    java.util.concurrent.Executor sDefaultExecutor -> b
    com.lidroid.xutils.task.PriorityAsyncTask$WorkerRunnable mWorker -> c
    java.util.concurrent.FutureTask mFuture -> d
    boolean mExecuteInvoked -> e
    java.util.concurrent.atomic.AtomicBoolean mCancelled -> f
    java.util.concurrent.atomic.AtomicBoolean mTaskInvoked -> g
    com.lidroid.xutils.task.Priority priority -> h
    void setPriority(com.lidroid.xutils.task.Priority) -> a
    void postResultIfNotInvoked(java.lang.Object) -> c
    java.lang.Object postResult(java.lang.Object) -> d
    java.lang.Object doInBackground(java.lang.Object[]) -> c
    void onPreExecute() -> b
    void onPostExecute(java.lang.Object) -> a
    void onProgressUpdate(java.lang.Object[]) -> b
    void onCancelled(java.lang.Object) -> b
    void onCancelled() -> c
    boolean isCancelled() -> d
    boolean cancel(boolean) -> a
    com.lidroid.xutils.task.PriorityAsyncTask execute(java.lang.Object[]) -> e
    com.lidroid.xutils.task.PriorityAsyncTask executeOnExecutor(java.util.concurrent.Executor,java.lang.Object[]) -> a
    void publishProgress(java.lang.Object[]) -> f
    void finish(java.lang.Object) -> e
    void access$0(com.lidroid.xutils.task.PriorityAsyncTask,java.lang.Object) -> a
    java.util.concurrent.atomic.AtomicBoolean access$1(com.lidroid.xutils.task.PriorityAsyncTask) -> a
com.lidroid.xutils.task.PriorityAsyncTask$1 -> com.a.a.e.d:
    com.lidroid.xutils.task.PriorityAsyncTask this$0 -> a
    java.lang.Object call() -> call
com.lidroid.xutils.task.PriorityAsyncTask$2 -> com.a.a.e.e:
    com.lidroid.xutils.task.PriorityAsyncTask this$0 -> a
    void done() -> done
com.lidroid.xutils.task.PriorityAsyncTask$AsyncTaskResult -> com.a.a.e.f:
    com.lidroid.xutils.task.PriorityAsyncTask mTask -> a
    java.lang.Object[] mData -> b
com.lidroid.xutils.task.PriorityAsyncTask$InternalHandler -> com.a.a.e.g:
    void handleMessage(android.os.Message) -> handleMessage
com.lidroid.xutils.task.PriorityAsyncTask$WorkerRunnable -> com.a.a.e.h:
    java.lang.Object[] mParams -> b
com.lidroid.xutils.task.PriorityExecutor -> com.a.a.e.i:
    java.util.concurrent.ThreadFactory sThreadFactory -> a
    java.util.concurrent.BlockingQueue mPoolWorkQueue -> b
    java.util.concurrent.ThreadPoolExecutor mThreadPoolExecutor -> c
    boolean isBusy() -> a
    void execute(java.lang.Runnable) -> execute
com.lidroid.xutils.task.PriorityExecutor$1 -> com.a.a.e.j:
    java.util.concurrent.atomic.AtomicInteger mCount -> a
    java.lang.Thread newThread(java.lang.Runnable) -> newThread
com.lidroid.xutils.task.PriorityObject -> com.a.a.e.k:
    com.lidroid.xutils.task.Priority priority -> a
    java.lang.Object obj -> b