CRBB/proguard/usage.txt
comruanan.dianyinxiazai.AppUtils:
    private android.content.Context context
    24:26:public AppUtils(android.content.Context)
    37:45:public static java.lang.String getAppName(android.content.Context)
    76:81:public java.lang.String getActivityName()
    93:106:public void createShortcut(int)
comruanan.dianyinxiazai.AssetsUtils:
    private android.content.Context context
    private android.content.res.AssetManager assets
    32:35:public AssetsUtils(android.content.Context)
    45:68:public void installapk(java.lang.String)
    83:88:public void showHtml(java.lang.String,android.webkit.WebView)
    105:137:public void excuteJs(android.webkit.WebView,android.os.Handler,java.lang.String)
    182:209:private void writeStreamToFile(java.io.InputStream,java.io.File)
    215:215:private void installApk(java.lang.String)
comruanan.dianyinxiazai.AssetsUtils$1
comruanan.dianyinxiazai.AssetsUtils$1$1
comruanan.dianyinxiazai.BuildConfig
comruanan.dianyinxiazai.Constants:
    public static final java.lang.String API_GETLIST
    public static final java.lang.String API_DOWNTONGJI
comruanan.dianyinxiazai.R
comruanan.dianyinxiazai.R$anim
comruanan.dianyinxiazai.R$array
comruanan.dianyinxiazai.R$attr
comruanan.dianyinxiazai.R$bool
comruanan.dianyinxiazai.R$color
comruanan.dianyinxiazai.R$dimen
comruanan.dianyinxiazai.R$drawable
comruanan.dianyinxiazai.R$id
comruanan.dianyinxiazai.R$integer
comruanan.dianyinxiazai.R$layout
comruanan.dianyinxiazai.R$menu
comruanan.dianyinxiazai.R$string
comruanan.dianyinxiazai.R$style
comruanan.dianyinxiazai.R$styleable
comruanan.dianyinxiazai.SDCardUtils
comruanan.dianyinxiazai.SharepreferenceUtils:
    public static final java.lang.String FILE_NAME
    17:19:public SharepreferenceUtils()
    99:104:public static void remove(android.content.Context,java.lang.String)
    114:119:public static void clear(android.content.Context)
    132:134:public static boolean contains(android.content.Context,java.lang.String)
    146:148:public static java.util.Map getAll(android.content.Context)
comruanan.dianyinxiazai.SharepreferenceUtils$SharedPreferencesCompat:
    157:157:private SharepreferenceUtils$SharedPreferencesCompat()
comruanan.dianyinxiazai.SplashActivity:
    private static final int WAIT_TIME
...
android.support.v4.widget.DrawerLayout$LayoutParams:
    1466:1468:public DrawerLayout$LayoutParams(int,int,int)
android.support.v4.widget.DrawerLayout$SimpleDrawerListener
android.support.v4.widget.DrawerLayout$ViewDragCallback:
    1290:1292:public DrawerLayout$ViewDragCallback(android.support.v4.widget.DrawerLayout,int)
    1295:1296:public void setDragger(android.support.v4.widget.ViewDragHelper)
    1375:1397:private void peekDrawer()
    1280:1280:static synthetic void access$000(android.support.v4.widget.DrawerLayout$ViewDragCallback)
android.support.v4.widget.DrawerLayout$ViewDragCallback$1
android.support.v4.widget.EdgeEffectCompat:
    204:204:public boolean onAbsorb(int)
android.support.v4.widget.EdgeEffectCompat$BaseEdgeEffectImpl:
    82:82:public boolean onAbsorb(java.lang.Object,int)
android.support.v4.widget.EdgeEffectCompat$EdgeEffectIcsImpl:
    116:116:public boolean onAbsorb(java.lang.Object,int)
android.support.v4.widget.EdgeEffectCompat$EdgeEffectImpl:
    public abstract boolean onAbsorb(java.lang.Object,int)
android.support.v4.widget.EdgeEffectCompatIcs:
    28:28:EdgeEffectCompatIcs()
    57:58:public static boolean onAbsorb(java.lang.Object,int)
android.support.v4.widget.ResourceCursorAdapter:
    54:57:public ResourceCursorAdapter(android.content.Context,int,android.database.Cursor)
    93:96:public ResourceCursorAdapter(android.content.Context,int,android.database.Cursor,int)
    120:121:public void setViewResource(int)
    129:130:public void setDropDownViewResource(int)
android.support.v4.widget.ScrollerCompat:
    251:251:public static android.support.v4.widget.ScrollerCompat create(android.content.Context)
    255:255:public static android.support.v4.widget.ScrollerCompat create(android.content.Context,android.view.animation.Interpolator)
    258:260:ScrollerCompat(android.content.Context,android.view.animation.Interpolator)
    314:314:public float getCurrVelocity()
    341:342:public void startScroll(int,int,int,int)
    382:383:public void fling(int,int,int,int,int,int,int,int)
    410:412:public void fling(int,int,int,int,int,int,int,int,int,int)
    437:438:public void notifyHorizontalEdgeReached(int,int,int)
    454:455:public void notifyVerticalEdgeReached(int,int,int)
    471:471:public boolean isOverScrolled()
android.support.v4.widget.ScrollerCompat$ScrollerCompatImpl:
    public abstract java.lang.Object createScroller(android.content.Context,android.view.animation.Interpolator)
    public abstract float getCurrVelocity(java.lang.Object)
    public abstract void startScroll(java.lang.Object,int,int,int,int)
    public abstract void fling(java.lang.Object,int,int,int,int,int,int,int,int)
    public abstract void fling(java.lang.Object,int,int,int,int,int,int,int,int,int,int)
    public abstract void notifyHorizontalEdgeReached(java.lang.Object,int,int,int)
    public abstract void notifyVerticalEdgeReached(java.lang.Object,int,int,int)
    public abstract boolean isOverScrolled(java.lang.Object)
android.support.v4.widget.ScrollerCompat$ScrollerCompatImplBase:
    58:58:public java.lang.Object createScroller(android.content.Context,android.view.animation.Interpolator)
    79:79:public float getCurrVelocity(java.lang.Object)
    89:90:public void startScroll(java.lang.Object,int,int,int,int)
    101:102:public void fling(java.lang.Object,int,int,int,int,int,int,int,int)
    107:108:public void fling(java.lang.Object,int,int,int,int,int,int,int,int,int,int)
    119:119:public void notifyHorizontalEdgeReached(java.lang.Object,int,int,int)
    124:124:public void notifyVerticalEdgeReached(java.lang.Object,int,int,int)
    129:129:public boolean isOverScrolled(java.lang.Object)